Remember that you can report errors and get help in https://github.com/NicoSantangelo/sublime-gulp

07-09-2015 15:33:
C:\Users\mosis\AppData\Roaming\Sublime Text 3\Packages\Gulp\write_tasks_to_cache.js:23
        throw ex;
              ^
ReferenceError: gulp is not defined
    at Object.<anonymous> (D:\home\martin\dev\misc\DarkSoulsCompanion\meta\.sublime-gulp-tmp.js:2:64)
    at Module._compile (module.js:460:26)
    at Object.Module._extensions..js (module.js:478:10)
    at Module.load (module.js:355:32)
    at Function.Module._load (module.js:310:12)
    at Module.require (module.js:365:17)
    at require (module.js:384:17)
    at requireGulp (C:\Users\mosis\AppData\Roaming\Sublime Text 3\Packages\Gulp\write_tasks_to_cache.js:20:16)
    at Object.<anonymous> (C:\Users\mosis\AppData\Roaming\Sublime Text 3\Packages\Gulp\write_tasks_to_cache.js:72:12)
    at Module._compile (module.js:460:26)


07-09-2015 15:34:
C:\Users\mosis\AppData\Roaming\Sublime Text 3\Packages\Gulp\write_tasks_to_cache.js:55
    gulp.tree({ deep: true }).forEach(function(task) {
         ^
TypeError: undefined is not a function
    at _forEachTask4x (C:\Users\mosis\AppData\Roaming\Sublime Text 3\Packages\Gulp\write_tasks_to_cache.js:55:10)
    at forEachTask (C:\Users\mosis\AppData\Roaming\Sublime Text 3\Packages\Gulp\write_tasks_to_cache.js:42:9)
    at Object.<anonymous> (C:\Users\mosis\AppData\Roaming\Sublime Text 3\Packages\Gulp\write_tasks_to_cache.js:79:5)
    at Module._compile (module.js:460:26)
    at Object.Module._extensions..js (module.js:478:10)
    at Module.load (module.js:355:32)
    at Function.Module._load (module.js:310:12)
    at Function.Module.runMain (module.js:501:10)
    at startup (node.js:129:16)
    at node.js:814:3


07-09-2015 15:35:
C:\Users\mosis\AppData\Roaming\Sublime Text 3\Packages\Gulp\write_tasks_to_cache.js:55
    gulp.tree({ deep: true }).forEach(function(task) {
         ^
TypeError: undefined is not a function
    at _forEachTask4x (C:\Users\mosis\AppData\Roaming\Sublime Text 3\Packages\Gulp\write_tasks_to_cache.js:55:10)
    at forEachTask (C:\Users\mosis\AppData\Roaming\Sublime Text 3\Packages\Gulp\write_tasks_to_cache.js:42:9)
    at Object.<anonymous> (C:\Users\mosis\AppData\Roaming\Sublime Text 3\Packages\Gulp\write_tasks_to_cache.js:79:5)
    at Module._compile (module.js:460:26)
    at Object.Module._extensions..js (module.js:478:10)
    at Module.load (module.js:355:32)
    at Function.Module._load (module.js:310:12)
    at Function.Module.runMain (module.js:501:10)
    at startup (node.js:129:16)
    at node.js:814:3


07-09-2015 15:36:
C:\Users\mosis\AppData\Roaming\Sublime Text 3\Packages\Gulp\write_tasks_to_cache.js:55
    gulp.tree({ deep: true }).forEach(function(task) {
         ^
TypeError: undefined is not a function
    at _forEachTask4x (C:\Users\mosis\AppData\Roaming\Sublime Text 3\Packages\Gulp\write_tasks_to_cache.js:55:10)
    at forEachTask (C:\Users\mosis\AppData\Roaming\Sublime Text 3\Packages\Gulp\write_tasks_to_cache.js:42:9)
    at Object.<anonymous> (C:\Users\mosis\AppData\Roaming\Sublime Text 3\Packages\Gulp\write_tasks_to_cache.js:79:5)
    at Module._compile (module.js:460:26)
    at Object.Module._extensions..js (module.js:478:10)
    at Module.load (module.js:355:32)
    at Function.Module._load (module.js:310:12)
    at Function.Module.runMain (module.js:501:10)
    at startup (node.js:129:16)
    at node.js:814:3


07-09-2015 15:37:
C:\Users\mosis\AppData\Roaming\Sublime Text 3\Packages\Gulp\write_tasks_to_cache.js:55
    gulp.tree({ deep: true }).forEach(function(task) {
         ^
TypeError: undefined is not a function
    at _forEachTask4x (C:\Users\mosis\AppData\Roaming\Sublime Text 3\Packages\Gulp\write_tasks_to_cache.js:55:10)
    at forEachTask (C:\Users\mosis\AppData\Roaming\Sublime Text 3\Packages\Gulp\write_tasks_to_cache.js:42:9)
    at Object.<anonymous> (C:\Users\mosis\AppData\Roaming\Sublime Text 3\Packages\Gulp\write_tasks_to_cache.js:79:5)
    at Module._compile (module.js:460:26)
    at Object.Module._extensions..js (module.js:478:10)
    at Module.load (module.js:355:32)
    at Function.Module._load (module.js:310:12)
    at Function.Module.runMain (module.js:501:10)
    at startup (node.js:129:16)
    at node.js:814:3
